<?xml version="1.0" encoding="UTF-8"?>
<testsuite xmlns:xsi="http://www.w3.org/2001/XMLSchema-instance" xsi:noNamespaceSchemaLocation="https://maven.apache.org/surefire/maven-surefire-plugin/xsd/surefire-test-report-3.0.xsd" version="3.0" name="CreateOrdersTest" time="1.005" tests="8" errors="0" skipped="0" failures="0">
  <properties>
    <property name="sun.desktop" value="windows"/>
    <property name="awt.toolkit" value="sun.awt.windows.WToolkit"/>
    <property name="java.specification.version" value="11"/>
    <property name="sun.cpu.isalist" value="amd64"/>
    <property name="sun.jnu.encoding" value="Cp1251"/>
    <property name="java.class.path" value="D:\личное\Обучение\Обучение Тестирование\7 спринт\Sprint_7\target\test-classes;D:\личное\Обучение\Обучение Тестирование\7 спринт\Sprint_7\target\classes;C:\Users\e.komova\.m2\repository\junit\junit\4.13.2\junit-4.13.2.jar;C:\Users\e.komova\.m2\repository\org\hamcrest\hamcrest-core\1.3\hamcrest-core-1.3.jar;C:\Users\e.komova\.m2\repository\io\rest-assured\rest-assured\4.4.0\rest-assured-4.4.0.jar;C:\Users\e.komova\.m2\repository\org\codehaus\groovy\groovy\3.0.8\groovy-3.0.8.jar;C:\Users\e.komova\.m2\repository\org\codehaus\groovy\groovy-xml\3.0.8\groovy-xml-3.0.8.jar;C:\Users\e.komova\.m2\repository\org\apache\httpcomponents\httpclient\4.5.13\httpclient-4.5.13.jar;C:\Users\e.komova\.m2\repository\org\apache\httpcomponents\httpcore\4.4.13\httpcore-4.4.13.jar;C:\Users\e.komova\.m2\repository\commons-logging\commons-logging\1.2\commons-logging-1.2.jar;C:\Users\e.komova\.m2\repository\commons-codec\commons-codec\1.11\commons-codec-1.11.jar;C:\Users\e.komova\.m2\repository\org\apache\httpcomponents\httpmime\4.5.13\httpmime-4.5.13.jar;C:\Users\e.komova\.m2\repository\org\hamcrest\hamcrest\2.1\hamcrest-2.1.jar;C:\Users\e.komova\.m2\repository\org\ccil\cowan\tagsoup\tagsoup\1.2.1\tagsoup-1.2.1.jar;C:\Users\e.komova\.m2\repository\io\rest-assured\json-path\4.4.0\json-path-4.4.0.jar;C:\Users\e.komova\.m2\repository\org\codehaus\groovy\groovy-json\3.0.8\groovy-json-3.0.8.jar;C:\Users\e.komova\.m2\repository\io\rest-assured\rest-assured-common\4.4.0\rest-assured-common-4.4.0.jar;C:\Users\e.komova\.m2\repository\io\rest-assured\xml-path\4.4.0\xml-path-4.4.0.jar;C:\Users\e.komova\.m2\repository\org\apache\commons\commons-lang3\3.11\commons-lang3-3.11.jar;C:\Users\e.komova\.m2\repository\jakarta\xml\bind\jakarta.xml.bind-api\2.3.3\jakarta.xml.bind-api-2.3.3.jar;C:\Users\e.komova\.m2\repository\jakarta\activation\jakarta.activation-api\1.2.2\jakarta.activation-api-1.2.2.jar;C:\Users\e.komova\.m2\repository\com\sun\xml\bind\jaxb-impl\2.3.3\jaxb-impl-2.3.3.jar;C:\Users\e.komova\.m2\repository\io\qameta\allure\allure-junit4\2.24.0\allure-junit4-2.24.0.jar;C:\Users\e.komova\.m2\repository\io\qameta\allure\allure-java-commons\2.24.0\allure-java-commons-2.24.0.jar;C:\Users\e.komova\.m2\repository\org\slf4j\slf4j-api\1.7.36\slf4j-api-1.7.36.jar;C:\Users\e.komova\.m2\repository\io\qameta\allure\allure-model\2.24.0\allure-model-2.24.0.jar;C:\Users\e.komova\.m2\repository\io\qameta\allure\allure-test-filter\2.24.0\allure-test-filter-2.24.0.jar;C:\Users\e.komova\.m2\repository\io\qameta\allure\allure-rest-assured\2.24.0\allure-rest-assured-2.24.0.jar;C:\Users\e.komova\.m2\repository\io\qameta\allure\allure-attachments\2.24.0\allure-attachments-2.24.0.jar;C:\Users\e.komova\.m2\repository\org\freemarker\freemarker\2.3.31\freemarker-2.3.31.jar;C:\Users\e.komova\.m2\repository\com\google\code\gson\gson\2.10.1\gson-2.10.1.jar;"/>
    <property name="java.vm.vendor" value="Amazon.com Inc."/>
    <property name="sun.arch.data.model" value="64"/>
    <property name="user.variant" value=""/>
    <property name="java.vendor.url" value="https://aws.amazon.com/corretto/"/>
    <property name="user.timezone" value="Europe/Moscow"/>
    <property name="java.vm.specification.version" value="11"/>
    <property name="os.name" value="Windows 10"/>
    <property name="sun.java.launcher" value="SUN_STANDARD"/>
    <property name="user.country" value="RU"/>
    <property name="sun.boot.library.path" value="C:\Program Files\Amazon Corretto\jdk11.0.18_10\bin"/>
    <property name="sun.java.command" value="C:\Users\e.komova\AppData\Local\Temp\surefire10805083813833947764\surefirebooter-20230908154424610_3.jar C:\Users\e.komova\AppData\Local\Temp\surefire10805083813833947764 2023-09-08T15-44-22_898-jvmRun1 surefire-20230908154424610_1tmp surefire_0-20230908154424610_2tmp"/>
    <property name="jdk.debug" value="release"/>
    <property name="surefire.test.class.path" value="D:\личное\Обучение\Обучение Тестирование\7 спринт\Sprint_7\target\test-classes;D:\личное\Обучение\Обучение Тестирование\7 спринт\Sprint_7\target\classes;C:\Users\e.komova\.m2\repository\junit\junit\4.13.2\junit-4.13.2.jar;C:\Users\e.komova\.m2\repository\org\hamcrest\hamcrest-core\1.3\hamcrest-core-1.3.jar;C:\Users\e.komova\.m2\repository\io\rest-assured\rest-assured\4.4.0\rest-assured-4.4.0.jar;C:\Users\e.komova\.m2\repository\org\codehaus\groovy\groovy\3.0.8\groovy-3.0.8.jar;C:\Users\e.komova\.m2\repository\org\codehaus\groovy\groovy-xml\3.0.8\groovy-xml-3.0.8.jar;C:\Users\e.komova\.m2\repository\org\apache\httpcomponents\httpclient\4.5.13\httpclient-4.5.13.jar;C:\Users\e.komova\.m2\repository\org\apache\httpcomponents\httpcore\4.4.13\httpcore-4.4.13.jar;C:\Users\e.komova\.m2\repository\commons-logging\commons-logging\1.2\commons-logging-1.2.jar;C:\Users\e.komova\.m2\repository\commons-codec\commons-codec\1.11\commons-codec-1.11.jar;C:\Users\e.komova\.m2\repository\org\apache\httpcomponents\httpmime\4.5.13\httpmime-4.5.13.jar;C:\Users\e.komova\.m2\repository\org\hamcrest\hamcrest\2.1\hamcrest-2.1.jar;C:\Users\e.komova\.m2\repository\org\ccil\cowan\tagsoup\tagsoup\1.2.1\tagsoup-1.2.1.jar;C:\Users\e.komova\.m2\repository\io\rest-assured\json-path\4.4.0\json-path-4.4.0.jar;C:\Users\e.komova\.m2\repository\org\codehaus\groovy\groovy-json\3.0.8\groovy-json-3.0.8.jar;C:\Users\e.komova\.m2\repository\io\rest-assured\rest-assured-common\4.4.0\rest-assured-common-4.4.0.jar;C:\Users\e.komova\.m2\repository\io\rest-assured\xml-path\4.4.0\xml-path-4.4.0.jar;C:\Users\e.komova\.m2\repository\org\apache\commons\commons-lang3\3.11\commons-lang3-3.11.jar;C:\Users\e.komova\.m2\repository\jakarta\xml\bind\jakarta.xml.bind-api\2.3.3\jakarta.xml.bind-api-2.3.3.jar;C:\Users\e.komova\.m2\repository\jakarta\activation\jakarta.activation-api\1.2.2\jakarta.activation-api-1.2.2.jar;C:\Users\e.komova\.m2\repository\com\sun\xml\bind\jaxb-impl\2.3.3\jaxb-impl-2.3.3.jar;C:\Users\e.komova\.m2\repository\io\qameta\allure\allure-junit4\2.24.0\allure-junit4-2.24.0.jar;C:\Users\e.komova\.m2\repository\io\qameta\allure\allure-java-commons\2.24.0\allure-java-commons-2.24.0.jar;C:\Users\e.komova\.m2\repository\org\slf4j\slf4j-api\1.7.36\slf4j-api-1.7.36.jar;C:\Users\e.komova\.m2\repository\io\qameta\allure\allure-model\2.24.0\allure-model-2.24.0.jar;C:\Users\e.komova\.m2\repository\io\qameta\allure\allure-test-filter\2.24.0\allure-test-filter-2.24.0.jar;C:\Users\e.komova\.m2\repository\io\qameta\allure\allure-rest-assured\2.24.0\allure-rest-assured-2.24.0.jar;C:\Users\e.komova\.m2\repository\io\qameta\allure\allure-attachments\2.24.0\allure-attachments-2.24.0.jar;C:\Users\e.komova\.m2\repository\org\freemarker\freemarker\2.3.31\freemarker-2.3.31.jar;C:\Users\e.komova\.m2\repository\com\google\code\gson\gson\2.10.1\gson-2.10.1.jar;"/>
    <property name="allure.results.directory" value="D:\личное\Обучение\Обучение Тестирование\7 спринт\Sprint_7\target/allure-results"/>
    <property name="sun.cpu.endian" value="little"/>
    <property name="user.home" value="C:\Users\e.komova"/>
    <property name="user.language" value="ru"/>
    <property name="java.specification.vendor" value="Oracle Corporation"/>
    <property name="java.version.date" value="2023-01-17"/>
    <property name="java.home" value="C:\Program Files\Amazon Corretto\jdk11.0.18_10"/>
    <property name="file.separator" value="\"/>
    <property name="basedir" value="D:\личное\Обучение\Обучение Тестирование\7 спринт\Sprint_7"/>
    <property name="java.vm.compressedOopsMode" value="Zero based"/>
    <property name="line.separator" value="&#10;"/>
    <property name="java.specification.name" value="Java Platform API Specification"/>
    <property name="java.vm.specification.vendor" value="Oracle Corporation"/>
    <property name="java.awt.graphicsenv" value="sun.awt.Win32GraphicsEnvironment"/>
    <property name="surefire.real.class.path" value="C:\Users\e.komova\AppData\Local\Temp\surefire10805083813833947764\surefirebooter-20230908154424610_3.jar"/>
    <property name="user.script" value=""/>
    <property name="sun.management.compiler" value="HotSpot 64-Bit Tiered Compilers"/>
    <property name="java.runtime.version" value="11.0.18+10-LTS"/>
    <property name="user.name" value="e.komova"/>
    <property name="path.separator" value=";"/>
    <property name="os.version" value="10.0"/>
    <property name="java.runtime.name" value="OpenJDK Runtime Environment"/>
    <property name="file.encoding" value="Cp1251"/>
    <property name="java.vm.name" value="OpenJDK 64-Bit Server VM"/>
    <property name="java.vendor.version" value="Corretto-11.0.18.10.1"/>
    <property name="localRepository" value="C:\Users\e.komova\.m2\repository"/>
    <property name="java.vendor.url.bug" value="https://github.com/corretto/corretto-11/issues/"/>
    <property name="java.io.tmpdir" value="C:\Users\EDE7D~1.KOM\AppData\Local\Temp\"/>
    <property name="java.version" value="11.0.18"/>
    <property name="user.dir" value="D:\личное\Обучение\Обучение Тестирование\7 спринт\Sprint_7"/>
    <property name="os.arch" value="amd64"/>
    <property name="java.vm.specification.name" value="Java Virtual Machine Specification"/>
    <property name="java.awt.printerjob" value="sun.awt.windows.WPrinterJob"/>
    <property name="sun.os.patch.level" value=""/>
    <property name="java.library.path" value="C:\Program Files\Amazon Corretto\jdk11.0.18_10\bin;C:\Windows\Sun\Java\bin;C:\Windows\system32;C:\Windows;C:\Program Files\Amazon Corretto\jdk11.0.18_10\bin;C:\Windows\system32;C:\Windows;C:\Windows\System32\Wbem;C:\Windows\System32\WindowsPowerShell\v1.0\;C:\Windows\System32\OpenSSH\;C:\Program Files\nodejs\;C:\Program Files\Git\cmd;C:\Program Files\Git\mingw64\bin;C:\Program Files\Git\usr\bin;C:\Users\e.komova\AppData\Local\Microsoft\WindowsApps;C:\Users\e.komova\AppData\Roaming\npm;C:\Program Files\JetBrains\IntelliJ IDEA Community Edition 2022.3.3\bin;;C:\apache-maven-3.8.8\bin;C:\WebDriver;;."/>
    <property name="java.vm.info" value="mixed mode"/>
    <property name="java.vendor" value="Amazon.com Inc."/>
    <property name="java.vm.version" value="11.0.18+10-LTS"/>
    <property name="sun.io.unicode.encoding" value="UnicodeLittle"/>
    <property name="java.class.version" value="55.0"/>
  </properties>
  <testcase name="createOrderCode201_test[Создание заказа.Параметры.Тестовые данные: Елена Иванова Москва 5 89222222222 4 10.09.2023 Комментарий  [Ljava.lang.String;@4d57fc11]" classname="CreateOrdersTest" time="0.063">
    <system-out><![CDATA[HTTP/1.1 201 Created
Access-Control-Allow-Origin: *
Content-Length: 16
Content-Type: application/json; charset=utf-8
Date: Fri, 08 Sep 2023 12:44:41 GMT
ETag: W/"10-Q9rfXTR4ernaOiTrQf/a0hpmXc4"
Set-Cookie: _yasc=LxXkkuq8XBstGOhph+cGXwvO3kSfXyzwTENsoUVhhAWbkNvT8K5MS3SnEuD2X4E9RQ==; domain=.praktikum-services.ru; path=/; expires=Mon, 05 Sep 2033 12:44:41 GMT; secure
X-Powered-By: Express
X-Request-Id: 1694177081728039-2913608345543442179

{
    "track": 423744
}
]]></system-out>
  </testcase>
  <testcase name="createOrderContainsTrack_test[Создание заказа.Параметры.Тестовые данные: Елена Иванова Москва 5 89222222222 4 10.09.2023 Комментарий  [Ljava.lang.String;@4d57fc11]" classname="CreateOrdersTest" time="0.134">
    <system-out><![CDATA[HTTP/1.1 201 Created
Access-Control-Allow-Origin: *
Content-Length: 15
Content-Type: application/json; charset=utf-8
Date: Fri, 08 Sep 2023 12:44:41 GMT
ETag: W/"f-cG0ZRvelEoljkojf7vYE8zJZz7U"
Set-Cookie: _yasc=fBsEV8/CYdblAyC3reDC+Gr9/j4hk7xhXcx1t/9BjFIQ0CG6WgMmTxGRdvItq+4A; domain=.praktikum-services.ru; path=/; expires=Mon, 05 Sep 2033 12:44:41 GMT; secure
X-Powered-By: Express
X-Request-Id: 1694177081832715-244147062652704618

{
    "track": 96266
}
]]></system-out>
  </testcase>
  <testcase name="createOrderCode201_test[Создание заказа.Параметры.Тестовые данные: Елена Иванова Москва 5 89222222222 4 10.09.2023 Комментарий  [Ljava.lang.String;@5e888fba]" classname="CreateOrdersTest" time="0.105">
    <system-out><![CDATA[HTTP/1.1 201 Created
Access-Control-Allow-Origin: *
Content-Length: 15
Content-Type: application/json; charset=utf-8
Date: Fri, 08 Sep 2023 12:44:41 GMT
ETag: W/"f-FZqVGESSrVuffCVlUbzVVZnOQiU"
Set-Cookie: _yasc=EHVEfwh/6XM4uQA/2TNS8y6ycV5JYL3W48Np/28hwl9nNyE5h5J/BV5dsAmLcwDf; domain=.praktikum-services.ru; path=/; expires=Mon, 05 Sep 2033 12:44:41 GMT; secure
X-Powered-By: Express
X-Request-Id: 1694177081954471-12758512774413588252

{
    "track": 47987
}
]]></system-out>
  </testcase>
  <testcase name="createOrderContainsTrack_test[Создание заказа.Параметры.Тестовые данные: Елена Иванова Москва 5 89222222222 4 10.09.2023 Комментарий  [Ljava.lang.String;@5e888fba]" classname="CreateOrdersTest" time="0.153">
    <system-out><![CDATA[HTTP/1.1 201 Created
Access-Control-Allow-Origin: *
Content-Length: 16
Content-Type: application/json; charset=utf-8
Date: Fri, 08 Sep 2023 12:44:42 GMT
ETag: W/"10-UQ8vWov9TfrKBi6vw4/YlZv/pVY"
Set-Cookie: _yasc=riGLz7RXjwJGZDOF3tsUrRIjquiecfxgfwT30mp414Ue3A1eb+VtAwIZC5r5RIZldg==; domain=.praktikum-services.ru; path=/; expires=Mon, 05 Sep 2033 12:44:42 GMT; secure
X-Powered-By: Express
X-Request-Id: 1694177082030177-15264904626949447820

{
    "track": 428906
}
]]></system-out>
  </testcase>
  <testcase name="createOrderCode201_test[Создание заказа.Параметры.Тестовые данные: Елена Иванова Москва 5 89222222222 4 10.09.2023 Комментарий  [Ljava.lang.String;@3d2af8d7]" classname="CreateOrdersTest" time="0.099">
    <system-out><![CDATA[HTTP/1.1 201 Created
Access-Control-Allow-Origin: *
Content-Length: 16
Content-Type: application/json; charset=utf-8
Date: Fri, 08 Sep 2023 12:44:42 GMT
ETag: W/"10-kFNVCBZPQC4mGlTnZYOXKpKJQvI"
Set-Cookie: _yasc=Js2fIiUxfWDTEGGyLC3tKMjjF/swlJKDQ7YzBny8OTU/SXLE9pR8L6mqtL0lSK9R; domain=.praktikum-services.ru; path=/; expires=Mon, 05 Sep 2033 12:44:42 GMT; secure
X-Powered-By: Express
X-Request-Id: 1694177082198599-5064691301096885767

{
    "track": 357006
}
]]></system-out>
  </testcase>
  <testcase name="createOrderContainsTrack_test[Создание заказа.Параметры.Тестовые данные: Елена Иванова Москва 5 89222222222 4 10.09.2023 Комментарий  [Ljava.lang.String;@3d2af8d7]" classname="CreateOrdersTest" time="0.132">
    <system-out><![CDATA[HTTP/1.1 201 Created
Access-Control-Allow-Origin: *
Content-Length: 16
Content-Type: application/json; charset=utf-8
Date: Fri, 08 Sep 2023 12:44:42 GMT
ETag: W/"10-H/y6QaPgHavgwB9P7HIj+6pwB5Q"
Set-Cookie: _yasc=oV/SxjNs6HurhjmdNSEbSHmP6+Hw6GZf09IaDSTbaYQA2u2XFXO1mB+SJ6CPb4xe6g==; domain=.praktikum-services.ru; path=/; expires=Mon, 05 Sep 2033 12:44:42 GMT; secure
X-Powered-By: Express
X-Request-Id: 1694177082329393-6434814009481971601

{
    "track": 981716
}
]]></system-out>
  </testcase>
  <testcase name="createOrderCode201_test[Создание заказа.Параметры.Тестовые данные: Елена Иванова Москва 5 89222222222 4 10.09.2023 Комментарий  [Ljava.lang.String;@22071f0]" classname="CreateOrdersTest" time="0.183">
    <system-out><![CDATA[HTTP/1.1 201 Created
Access-Control-Allow-Origin: *
Content-Length: 16
Content-Type: application/json; charset=utf-8
Date: Fri, 08 Sep 2023 12:44:42 GMT
ETag: W/"10-9Fba2Esh8hB+K6TkobKFlOm9MPI"
Set-Cookie: _yasc=49M/UpR8I4jZkAxFR2JYrDJz0gWt1s8uRk3WQ5fyE/HTbm4ZutkkKowscfXcZqmyiQ==; domain=.praktikum-services.ru; path=/; expires=Mon, 05 Sep 2033 12:44:42 GMT; secure
X-Powered-By: Express
X-Request-Id: 1694177082430543-2712765964674586440

{
    "track": 270505
}
]]></system-out>
  </testcase>
  <testcase name="createOrderContainsTrack_test[Создание заказа.Параметры.Тестовые данные: Елена Иванова Москва 5 89222222222 4 10.09.2023 Комментарий  [Ljava.lang.String;@22071f0]" classname="CreateOrdersTest" time="0.128">
    <system-out><![CDATA[HTTP/1.1 201 Created
Access-Control-Allow-Origin: *
Content-Length: 16
Content-Type: application/json; charset=utf-8
Date: Fri, 08 Sep 2023 12:44:42 GMT
ETag: W/"10-oa/BXKaVrA2o+9o/q4AJ7eyKD/U"
Set-Cookie: _yasc=3/HOLC7bb17i09pF5hnGgKwoqax9hkOQavJBXjTETP+thCvwPkdxrmTJr8yNCdlrtg==; domain=.praktikum-services.ru; path=/; expires=Mon, 05 Sep 2033 12:44:42 GMT; secure
X-Powered-By: Express
X-Request-Id: 1694177082630671-7321886307062577358

{
    "track": 704689
}
]]></system-out>
  </testcase>
</testsuite>